  Compiling CUDA source file kernel.cu...
  
  C:\Users\Sergey\Desktop\DFT_CUDA\DFT_CUDA>"C:\Program Files\NVIDIA GPU Computing Toolkit\CUDA\v11.6\bin\nvcc.exe" -gencode=arch=compute_52,code=\"sm_52,compute_52\" --use-local-env -ccbin "C:\Program Files (x86)\Microsoft Visual Studio\2019\Community\VC\Tools\MSVC\14.29.30133\bin\HostX86\x64" -x cu   -I"C:\Program Files\NVIDIA GPU Computing Toolkit\CUDA\v11.6\include" -I"C:\Program Files\NVIDIA GPU Computing Toolkit\CUDA\v11.6\include"  -G   --keep-dir x64\Debug  -maxrregcount=0  --machine 64 --compile -cudart static  -g  -DWIN32 -DWIN64 -D_DEBUG -D_CONSOLE -D_MBCS -Xcompiler "/EHsc /W3 /nologo /Od /Fdx64\Debug\vc142.pdb /FS /Zi /RTC1 /MDd " -o x64\Debug\kernel.cu.obj "C:\Users\Sergey\Desktop\DFT_CUDA\DFT_CUDA\kernel.cu" 
  device_functions.h is an internal header file and must not be used directly.  This file will be removed in a future CUDA release.  Please use cuda_runtime_api.h or cuda_runtime.h instead.
C:\Users\Sergey\Desktop\DFT_CUDA\DFT_CUDA\kernel.cu(88): warning #177-D: variable "N" was declared but never referenced
  
C:\Users\Sergey\Desktop\DFT_CUDA\DFT_CUDA\kernel.cu(187): warning #550-D: variable "cudaStatus" was set but never used
  
C:\Users\Sergey\Desktop\DFT_CUDA\DFT_CUDA\kernel.cu(277): warning #546-D: transfer of control bypasses initialization of:
              variable "gridSize"
  (318): here
              variable "blokSize"
  (319): here
  
C:\Users\Sergey\Desktop\DFT_CUDA\DFT_CUDA\kernel.cu(284): warning #546-D: transfer of control bypasses initialization of:
              variable "gridSize"
  (318): here
              variable "blokSize"
  (319): here
  
C:\Users\Sergey\Desktop\DFT_CUDA\DFT_CUDA\kernel.cu(290): warning #546-D: transfer of control bypasses initialization of:
              variable "gridSize"
  (318): here
              variable "blokSize"
  (319): here
  
C:\Users\Sergey\Desktop\DFT_CUDA\DFT_CUDA\kernel.cu(296): warning #546-D: transfer of control bypasses initialization of:
              variable "gridSize"
  (318): here
              variable "blokSize"
  (319): here
  
C:\Users\Sergey\Desktop\DFT_CUDA\DFT_CUDA\kernel.cu(302): warning #546-D: transfer of control bypasses initialization of:
              variable "gridSize"
  (318): here
              variable "blokSize"
  (319): here
  
C:\Users\Sergey\Desktop\DFT_CUDA\DFT_CUDA\kernel.cu(309): warning #546-D: transfer of control bypasses initialization of:
              variable "gridSize"
  (318): here
              variable "blokSize"
  (319): here
  
C:\Users\Sergey\Desktop\DFT_CUDA\DFT_CUDA\kernel.cu(315): warning #546-D: transfer of control bypasses initialization of:
              variable "gridSize"
  (318): here
              variable "blokSize"
  (319): here
  
C:\Users\Sergey\Desktop\DFT_CUDA\DFT_CUDA\kernel.cu(277): warning #546-D: transfer of control bypasses initialization of:
              variable "gridSize"
  (318): here
              variable "blokSize"
  (319): here
  
C:\Users\Sergey\Desktop\DFT_CUDA\DFT_CUDA\kernel.cu(284): warning #546-D: transfer of control bypasses initialization of:
              variable "gridSize"
  (318): here
              variable "blokSize"
  (319): here
  
C:\Users\Sergey\Desktop\DFT_CUDA\DFT_CUDA\kernel.cu(290): warning #546-D: transfer of control bypasses initialization of:
              variable "gridSize"
  (318): here
              variable "blokSize"
  (319): here
  
C:\Users\Sergey\Desktop\DFT_CUDA\DFT_CUDA\kernel.cu(296): warning #546-D: transfer of control bypasses initialization of:
              variable "gridSize"
  (318): here
              variable "blokSize"
  (319): here
  
C:\Users\Sergey\Desktop\DFT_CUDA\DFT_CUDA\kernel.cu(302): warning #546-D: transfer of control bypasses initialization of:
              variable "gridSize"
  (318): here
              variable "blokSize"
  (319): here
  
C:\Users\Sergey\Desktop\DFT_CUDA\DFT_CUDA\kernel.cu(309): warning #546-D: transfer of control bypasses initialization of:
              variable "gridSize"
  (318): here
              variable "blokSize"
  (319): here
  
C:\Users\Sergey\Desktop\DFT_CUDA\DFT_CUDA\kernel.cu(315): warning #546-D: transfer of control bypasses initialization of:
              variable "gridSize"
  (318): here
              variable "blokSize"
  (319): here
  
  kernel.cu
  device_functions.h is an internal header file and must not be used directly.  This file will be removed in a future CUDA release.  Please use cuda_runtime_api.h or cuda_runtime.h instead.
C:\Users\Sergey\Desktop\DFT_CUDA\DFT_CUDA\kernel.cu(88): warning C4101: N: неиспользованная локальная переменная
C:\Users\Sergey\Desktop\DFT_CUDA\DFT_CUDA\kernel.cu(211): warning C4244: =: преобразование "double" в "ebmpBYTE", возможна потеря данных
C:\Users\Sergey\Desktop\DFT_CUDA\DFT_CUDA\kernel.cu(212): warning C4244: =: преобразование "double" в "ebmpBYTE", возможна потеря данных
C:\Users\Sergey\Desktop\DFT_CUDA\DFT_CUDA\kernel.cu(213): warning C4244: =: преобразование "double" в "ebmpBYTE", возможна потеря данных
C:\Users\Sergey\Desktop\DFT_CUDA\DFT_CUDA\kernel.cu(250): warning C4244: =: преобразование "double" в "ebmpBYTE", возможна потеря данных
C:\Users\Sergey\Desktop\DFT_CUDA\DFT_CUDA\kernel.cu(251): warning C4244: =: преобразование "double" в "ebmpBYTE", возможна потеря данных
C:\Users\Sergey\Desktop\DFT_CUDA\DFT_CUDA\kernel.cu(252): warning C4244: =: преобразование "double" в "ebmpBYTE", возможна потеря данных
C:\Users\Sergey\Desktop\DFT_CUDA\DFT_CUDA\kernel.cu(354): warning C4533: пропуск инициализации "blokSize" из-за перехода "goto Error"
  C:\Users\Sergey\Desktop\DFT_CUDA\DFT_CUDA\kernel.cu(319): note:  см. объявление "blokSize"
  C:\Users\Sergey\Desktop\DFT_CUDA\DFT_CUDA\kernel.cu(354): note:  см. объявление "Error"
C:\Users\Sergey\Desktop\DFT_CUDA\DFT_CUDA\kernel.cu(354): warning C4533: пропуск инициализации "gridSize" из-за перехода "goto Error"
  C:\Users\Sergey\Desktop\DFT_CUDA\DFT_CUDA\kernel.cu(318): note:  см. объявление "gridSize"
  C:\Users\Sergey\Desktop\DFT_CUDA\DFT_CUDA\kernel.cu(354): note:  см. объявление "Error"
  DFT_CUDA.vcxproj -> C:\Users\Sergey\Desktop\DFT_CUDA\x64\Debug\DFT_CUDA.exe
